<?xml version="1.0" encoding="UTF-8"?>
<!-- Generated by org.testng.reporters.JUnitReportReporter -->
<testsuite skipped="0" hostname="DESKTOP-AV8S3P8" name="com.testng.parameter.ParameterTest" tests="1" failures="0" timestamp="2020-06-05T20:25:43 IST" time="9.277" errors="0">
  <testcase name="validateCredentials" time="9.277" classname="com.testng.parameter.ParameterTest"/>
  <system-out/>
</testsuite> <!-- com.testng.parameter.ParameterTest -->
